<?xml version="1.0" encoding="UTF-8"?>
<!-- Generated by org.testng.reporters.JUnitReportReporter -->
<testsuite name="wrapper.Testng_Concepts" tests="1" time="0.029" ignored="6" failures="0" timestamp="30 Oct 2021 03:36:29 GMT" skipped="0" hostname="ANUsPC" errors="0">
  <testcase name="method3" time="0.029" classname="wrapper.Testng_Concepts"/>
  <testcase name="cmethod5" classname="wrapper.Testng_Concepts">
    <skipped/>
  </testcase> <!-- cmethod5 -->
  <testcase name="bmethod6" classname="wrapper.Testng_Concepts">
    <skipped/>
  </testcase> <!-- bmethod6 -->
  <testcase name="amethod7" classname="wrapper.Testng_Concepts">
    <skipped/>
  </testcase> <!-- amethod7 -->
  <testcase name="dmethod4" classname="wrapper.Testng_Concepts">
    <skipped/>
  </testcase> <!-- dmethod4 -->
  <testcase name="method1" classname="wrapper.Testng_Concepts">
    <skipped/>
  </testcase> <!-- method1 -->
  <testcase name="method2" classname="wrapper.Testng_Concepts">
    <skipped/>
  </testcase> <!-- method2 -->
</testsuite> <!-- wrapper.Testng_Concepts -->
