<?xml version="1.0" encoding="UTF-8"?>
<!-- Generated by org.testng.reporters.JUnitReportReporter -->
<testsuite name="testcases.TC001" tests="3" time="558.643" ignored="0" failures="0" timestamp="31 Oct 2021 15:25:26 GMT" skipped="0" hostname="ANUsPC" errors="0">
  <testcase name="irctcRegistration" time="217.713" classname="testcases.TC001"/>
  <testcase name="irctcRegistration" time="130.957" classname="testcases.TC001"/>
  <testcase name="irctcRegistration" time="209.973" classname="testcases.TC001"/>
</testsuite> <!-- testcases.TC001 -->
