<?xml version="1.0" encoding="UTF-8"?>
<!-- Generated by org.testng.reporters.JUnitReportReporter -->
<testsuite name="testcases.TC002" tests="2" time="183.119" ignored="0" failures="0" timestamp="02 Nov 2021 08:53:50 GMT" skipped="0" hostname="ANUsPC" errors="0">
  <testcase name="IRCTC_Accommodations" time="97.843" classname="testcases.TC002"/>
  <testcase name="IRCTC_Accommodations" time="85.276" classname="testcases.TC002"/>
</testsuite> <!-- testcases.TC002 -->
